<?xml version="1.0" encoding="UTF-8"?>
<!-- Generated by org.testng.reporters.JUnitReportReporter -->
<testsuite hostname="WKWZTUPS8QyX67O" failures="0" tests="1" name="subjectiveassessment.Task2" time="31.168" errors="0" timestamp="2022-12-05T19:19:11 IST" skipped="0">
  <testcase classname="subjectiveassessment.Task2" name="createEmp" time="31.168"/>
  <system-out/>
</testsuite> <!-- subjectiveassessment.Task2 -->
