<?xml version="1.0" encoding="UTF-8"?>
<!-- Generated by org.testng.reporters.JUnitReportReporter -->
<testsuite hostname="WKWZTUPS8QyX67O" failures="0" tests="2" name="subjectiveassessment.Task1" time="17.211" errors="0" timestamp="2022-12-05T19:19:11 IST" skipped="0">
  <testcase classname="subjectiveassessment.Task1" name="Test2" time="6.993"/>
  <system-out/>
  <testcase classname="subjectiveassessment.Task1" name="Test1" time="10.218"/>
  <system-out/>
</testsuite> <!-- subjectiveassessment.Task1 -->
